# JRE version: OpenJDK Runtime Environment (8.0_152-b01) (build 1.8.0_152-release-1343-b01)
# Java VM: OpenJDK 64-Bit Server VM (25.152-b01 mixed mode windows-amd64 compressed oops)
Heap:
 PSYoungGen      total 243712K, used 243711K [0x00000000e0000000, 0x00000000f5780000, 0x0000000100000000)
  eden space 174080K, 100% used [0x00000000e0000000,0x00000000eaa00000,0x00000000eaa00000)
  from space 69632K, 99% used [0x00000000eaa00000,0x00000000eedffe08,0x00000000eee00000)
  to   space 80384K, 78% used [0x00000000f0900000,0x00000000f468fc30,0x00000000f5780000)
 ParOldGen       total 403968K, used 67857K [0x00000000a0000000, 0x00000000b8a80000, 0x00000000e0000000)
  object space 403968K, 16% used [0x00000000a0000000,0x00000000a42444f0,0x00000000b8a80000)
 Metaspace       used 141893K, capacity 150862K, committed 151080K, reserved 1179648K
  class space    used 18494K, capacity 20183K, committed 20264K, reserved 1048576K
GC Heap History (10 events):
Event: 1969.892 GC heap after
Heap after GC invocations=25 (full 4):
 PSYoungGen      total 206848K, used 38427K [0x00000000e0000000, 0x00000000f0780000, 0x0000000100000000)
  eden space 164864K, 0% used [0x00000000e0000000,0x00000000e0000000,0x00000000ea100000)
  from space 41984K, 91% used [0x00000000ea100000,0x00000000ec686cd8,0x00000000eca00000)
  to   space 46080K, 0% used [0x00000000eda80000,0x00000000eda80000,0x00000000f0780000)
 ParOldGen       total 403968K, used 57054K [0x00000000a0000000, 0x00000000b8a80000, 0x00000000e0000000)
  object space 403968K, 14% used [0x00000000a0000000,0x00000000a37b79e0,0x00000000b8a80000)
 Metaspace       used 108675K, capacity 114661K, committed 114984K, reserved 1148928K
  class space    used 14295K, capacity 15535K, committed 15656K, reserved 1048576K
}
Event: 1974.275 GC heap before
{Heap before GC invocations=26 (full 4):
 PSYoungGen      total 206848K, used 203291K [0x00000000e0000000, 0x00000000f0780000, 0x0000000100000000)
  eden space 164864K, 100% used [0x00000000e0000000,0x00000000ea100000,0x00000000ea100000)
  from space 41984K, 91% used [0x00000000ea100000,0x00000000ec686cd8,0x00000000eca00000)
  to   space 46080K, 0% used [0x00000000eda80000,0x00000000eda80000,0x00000000f0780000)
 ParOldGen       total 403968K, used 57054K [0x00000000a0000000, 0x00000000b8a80000, 0x00000000e0000000)
  object space 403968K, 14% used [0x00000000a0000000,0x00000000a37b79e0,0x00000000b8a80000)
 Metaspace       used 108884K, capacity 114935K, committed 115240K, reserved 1148928K
  class space    used 14299K, capacity 15538K, committed 15656K, reserved 1048576K
Event: 1974.324 GC heap after
Heap after GC invocations=26 (full 4):
 PSYoungGen      total 218624K, used 43616K [0x00000000e0000000, 0x00000000f1380000, 0x0000000100000000)
  eden space 172544K, 0% used [0x00000000e0000000,0x00000000e0000000,0x00000000ea880000)
  from space 46080K, 94% used [0x00000000eda80000,0x00000000f05182a0,0x00000000f0780000)
  to   space 51200K, 0% used [0x00000000ea880000,0x00000000ea880000,0x00000000eda80000)
 ParOldGen       total 403968K, used 57062K [0x00000000a0000000, 0x00000000b8a80000, 0x00000000e0000000)
  object space 403968K, 14% used [0x00000000a0000000,0x00000000a37b99e0,0x00000000b8a80000)
 Metaspace       used 108884K, capacity 114935K, committed 115240K, reserved 1148928K
  class space    used 14299K, capacity 15538K, committed 15656K, reserved 1048576K
}
Event: 2915.209 GC heap before
{Heap before GC invocations=27 (full 4):
 PSYoungGen      total 218624K, used 216160K [0x00000000e0000000, 0x00000000f1380000, 0x0000000100000000)
  eden space 172544K, 100% used [0x00000000e0000000,0x00000000ea880000,0x00000000ea880000)
  from space 46080K, 94% used [0x00000000eda80000,0x00000000f05182a0,0x00000000f0780000)
  to   space 51200K, 0% used [0x00000000ea880000,0x00000000ea880000,0x00000000eda80000)
 ParOldGen       total 403968K, used 57062K [0x00000000a0000000, 0x00000000b8a80000, 0x00000000e0000000)
  object space 403968K, 14% used [0x00000000a0000000,0x00000000a37b99e0,0x00000000b8a80000)
 Metaspace       used 112755K, capacity 119301K, committed 119464K, reserved 1153024K
  class space    used 14619K, capacity 15947K, committed 16040K, reserved 1048576K
Event: 2915.247 GC heap after
Heap after GC invocations=27 (full 4):
 PSYoungGen      total 223744K, used 51187K [0x00000000e0000000, 0x00000000f2700000, 0x0000000100000000)
  eden space 172544K, 0% used [0x00000000e0000000,0x00000000e0000000,0x00000000ea880000)
  from space 51200K, 99% used [0x00000000ea880000,0x00000000eda7cf00,0x00000000eda80000)
  to   space 58368K, 0% used [0x00000000eee00000,0x00000000eee00000,0x00000000f2700000)
 ParOldGen       total 403968K, used 57791K [0x00000000a0000000, 0x00000000b8a80000, 0x00000000e0000000)
  object space 403968K, 14% used [0x00000000a0000000,0x00000000a386fd28,0x00000000b8a80000)
 Metaspace       used 112755K, capacity 119301K, committed 119464K, reserved 1153024K
  class space    used 14619K, capacity 15947K, committed 16040K, reserved 1048576K
}
Event: 2917.118 GC heap before
{Heap before GC invocations=28 (full 4):
 PSYoungGen      total 223744K, used 223731K [0x00000000e0000000, 0x00000000f2700000, 0x0000000100000000)
  eden space 172544K, 100% used [0x00000000e0000000,0x00000000ea880000,0x00000000ea880000)
  from space 51200K, 99% used [0x00000000ea880000,0x00000000eda7cf00,0x00000000eda80000)
  to   space 58368K, 0% used [0x00000000eee00000,0x00000000eee00000,0x00000000f2700000)
 ParOldGen       total 403968K, used 57791K [0x00000000a0000000, 0x00000000b8a80000, 0x00000000e0000000)
  object space 403968K, 14% used [0x00000000a0000000,0x00000000a386fd28,0x00000000b8a80000)
 Metaspace       used 122247K, capacity 128975K, committed 129192K, reserved 1161216K
  class space    used 15846K, capacity 17199K, committed 17320K, reserved 1048576K
Event: 2917.190 GC heap after
Heap after GC invocations=28 (full 4):
 PSYoungGen      total 232448K, used 58345K [0x00000000e0000000, 0x00000000f4880000, 0x0000000100000000)
  eden space 174080K, 0% used [0x00000000e0000000,0x00000000e0000000,0x00000000eaa00000)
  from space 58368K, 99% used [0x00000000eee00000,0x00000000f26fa5f8,0x00000000f2700000)
  to   space 69632K, 0% used [0x00000000eaa00000,0x00000000eaa00000,0x00000000eee00000)
 ParOldGen       total 403968K, used 66366K [0x00000000a0000000, 0x00000000b8a80000, 0x00000000e0000000)
  object space 403968K, 16% used [0x00000000a0000000,0x00000000a40cf8a8,0x00000000b8a80000)
 Metaspace       used 122247K, capacity 128975K, committed 129192K, reserved 1161216K
  class space    used 15846K, capacity 17199K, committed 17320K, reserved 1048576K
}
Event: 2923.823 GC heap before
{Heap before GC invocations=29 (full 4):
 PSYoungGen      total 232448K, used 232425K [0x00000000e0000000, 0x00000000f4880000, 0x0000000100000000)
  eden space 174080K, 100% used [0x00000000e0000000,0x00000000eaa00000,0x00000000eaa00000)
  from space 58368K, 99% used [0x00000000eee00000,0x00000000f26fa5f8,0x00000000f2700000)
  to   space 69632K, 0% used [0x00000000eaa00000,0x00000000eaa00000,0x00000000eee00000)
 ParOldGen       total 403968K, used 66366K [0x00000000a0000000, 0x00000000b8a80000, 0x00000000e0000000)
  object space 403968K, 16% used [0x00000000a0000000,0x00000000a40cf8a8,0x00000000b8a80000)
 Metaspace       used 129718K, capacity 137246K, committed 137512K, reserved 1169408K
  class space    used 16929K, capacity 18429K, committed 18472K, reserved 1048576K
Event: 2923.864 GC heap after
Heap after GC invocations=29 (full 4):
 PSYoungGen      total 243712K, used 69631K [0x00000000e0000000, 0x00000000f5780000, 0x0000000100000000)
  eden space 174080K, 0% used [0x00000000e0000000,0x00000000e0000000,0x00000000eaa00000)
  from space 69632K, 99% used [0x00000000eaa00000,0x00000000eedffe08,0x00000000eee00000)
  to   space 80384K, 0% used [0x00000000f0900000,0x00000000f0900000,0x00000000f5780000)
 ParOldGen       total 403968K, used 67849K [0x00000000a0000000, 0x00000000b8a80000, 0x00000000e0000000)
  object space 403968K, 16% used [0x00000000a0000000,0x00000000a42424f0,0x00000000b8a80000)
 Metaspace       used 129718K, capacity 137246K, committed 137512K, reserved 1169408K
  class space    used 16929K, capacity 18429K, committed 18472K, reserved 1048576K
}
Event: 4008.627 GC heap before
{Heap before GC invocations=30 (full 4):
 PSYoungGen      total 243712K, used 243711K [0x00000000e0000000, 0x00000000f5780000, 0x0000000100000000)
  eden space 174080K, 100% used [0x00000000e0000000,0x00000000eaa00000,0x00000000eaa00000)
  from space 69632K, 99% used [0x00000000eaa00000,0x00000000eedffe08,0x00000000eee00000)
  to   space 80384K, 0% used [0x00000000f0900000,0x00000000f0900000,0x00000000f5780000)
 ParOldGen       total 403968K, used 67849K [0x00000000a0000000, 0x00000000b8a80000, 0x00000000e0000000)
  object space 403968K, 16% used [0x00000000a0000000,0x00000000a42424f0,0x00000000b8a80000)
 Metaspace       used 141893K, capacity 150862K, committed 151080K, reserved 1179648K
  class space    used 18494K, capacity 20183K, committed 20264K, reserved 1048576K

